<?xml version="1.0" encoding="UTF-8"?>
<!-- Generated by org.testng.reporters.JUnitReportReporter -->
<testsuite hostname="LAPTOP-IUJCQHFK" failures="0" tests="2" name="TestRunner.RunnerTest" time="12.731" errors="0" timestamp="2023-08-02T20:07:01 IST" skipped="0">
  <testcase classname="TestRunner.RunnerTest" name="runScenario" time="10.160"/>
  <system-out/>
  <testcase classname="TestRunner.RunnerTest" name="runScenario" time="2.571"/>
  <system-out/>
</testsuite> <!-- TestRunner.RunnerTest -->
