<?xml version="1.0" encoding="UTF-8"?>
<!-- Generated by org.testng.reporters.JUnitReportReporter -->
<testsuite hostname="DESKTOP-SF549KE" failures="0" tests="3" name="TestRunner.RunnerTest" time="34.987" errors="0" timestamp="2023-08-02T20:45:42 IST" skipped="0">
  <testcase classname="TestRunner.RunnerTest" name="runScenario" time="26.820"/>
  <system-out/>
  <testcase classname="TestRunner.RunnerTest" name="runScenario" time="3.141"/>
  <system-out/>
  <testcase classname="TestRunner.RunnerTest" name="runScenario" time="5.026"/>
  <system-out/>
</testsuite> <!-- TestRunner.RunnerTest -->
