<?xml version="1.0" encoding="UTF-8"?>
<!-- Generated by org.testng.reporters.JUnitReportReporter -->
<testsuite hostname="DESKTOP-4G6V73A" failures="0" tests="1" name="TestRunner.RunnerTest" time="10.261" errors="0" timestamp="2023-08-02T19:30:18 IST" skipped="0">
  <testcase classname="TestRunner.RunnerTest" name="runScenario" time="10.261"/>
  <system-out/>
</testsuite> <!-- TestRunner.RunnerTest -->
