<?xml version="1.0" encoding="UTF-8"?>
<!-- Generated by org.testng.reporters.JUnitReportReporter -->
<testsuite hostname="DESKTOP-4G6V73A" failures="0" tests="3" name="TestRunner.RunnerTest" time="16.518" errors="0" timestamp="2023-08-05T20:10:29 IST" skipped="0">
  <testcase classname="TestRunner.RunnerTest" name="runScenario" time="2.468"/>
  <system-out/>
  <testcase classname="TestRunner.RunnerTest" name="runScenario" time="9.776"/>
  <system-out/>
  <testcase classname="TestRunner.RunnerTest" name="runScenario" time="4.274"/>
  <system-out/>
</testsuite> <!-- TestRunner.RunnerTest -->
